<?xml version="1.0" encoding="UTF-8"?>
<!-- Generated by org.testng.reporters.JUnitXMLReporter -->
<testsuite hostname="Swati" ignored="1" name="Default test" tests="3" failures="0" timestamp="25 Mar 2020 13:19:20 GMT" time="4.796" errors="0">
  <testcase name="GivenToken_GetUserProfileTest" time="3.714" classname="com.bridgelabz.SpotifyRestApi"/>
  <testcase name="spotify_RestAssured_Test" time="0.487" classname="com.bridgelabz.SpotifyRestApi"/>
  <testcase name="spotify_RestAssured_returnTotalPlaylist_Test" time="0.52" classname="com.bridgelabz.SpotifyRestApi"/>
  <testcase name="spotify_RestAssured_CreatePlaylist_Test" time="0.0" classname="com.bridgelabz.SpotifyRestApi">
    <ignored/>
  </testcase> <!-- spotify_RestAssured_CreatePlaylist_Test -->
</testsuite> <!-- Default test -->
