<?xml version="1.0" encoding="UTF-8"?>
<!-- Generated by org.testng.reporters.JUnitXMLReporter -->
<testsuite hostname="Swati" ignored="0" name="Default test" tests="8" failures="0" timestamp="26 Mar 2020 17:46:09 GMT" time="7.919" errors="0">
  <testcase name="GivenToken_GetUserProfile" time="3.639" classname="com.bridgelabz.SpotifyRestApi"/>
  <testcase name="givenTrackId_shoudDeleteThisTrack" time="0.741" classname="com.bridgelabz.SpotifyRestApi"/>
  <testcase name="spotify_RestAssured_CreatePlaylist" time="0.743" classname="com.bridgelabz.SpotifyRestApi"/>
  <testcase name="spotify_RestAssured_Test" time="0.53" classname="com.bridgelabz.SpotifyRestApi"/>
  <testcase name="spotify_RestAssured_returnCurrentPlaylistId" time="0.576" classname="com.bridgelabz.SpotifyRestApi"/>
  <testcase name="spotify_RestAssured_returnTotalPlaylist" time="0.552" classname="com.bridgelabz.SpotifyRestApi"/>
  <testcase name="spotify_RestAssured_returnTotalTracklist" time="0.56" classname="com.bridgelabz.SpotifyRestApi"/>
  <testcase name="spotify_RestAssured_updatePlaylist" time="0.495" classname="com.bridgelabz.SpotifyRestApi"/>
</testsuite> <!-- Default test -->
